# log放日志

[2022-09-05 10:49:36,616][MainThread:3048][task_id:user][user_interface.py:39][INFO][w1 注册成功!]
[2022-09-05 10:50:37,246][MainThread:16432][task_id:user][user_interface.py:39][INFO][w 注册成功!]
[2022-09-05 10:50:50,580][MainThread:16432][task_id:user][user_interface.py:60][INFO][用户:[w] 登录成功!]
[2022-09-05 10:51:01,939][MainThread:16432][task_id:bank][bank_interface.py:25][INFO][用户[w]提现金额[5000w]成功,手续费为:[250.0w]]
[2022-09-05 10:52:09,730][MainThread:16432][task_id:shop][shop_interface.py:24][INFO][用户:[w]支付[280w]成功,准备发货!]
[2022-09-05 10:53:41,447][MainThread:16432][task_id:admin][admin_interface.py:19][INFO][管理员修改用户:[w]额度修改成功!]
[2022-09-05 12:05:20,360][MainThread:17764][task_id:user][user_interface.py:56][INFO][用户:[w] 登录成功!]
[2022-09-05 12:10:58,426][MainThread:18292][task_id:user][user_interface.py:56][INFO][用户:[w] 登录成功!]
[2022-09-05 12:11:41,297][MainThread:2748][task_id:user][user_interface.py:56][INFO][用户:[w] 登录成功!]
[2022-09-05 12:16:15,199][MainThread:17216][task_id:user][user_interface.py:56][INFO][用户:[w] 登录成功!]
[2022-09-05 12:31:18,512][MainThread:19276][task_id:user][user_interface.py:56][INFO][用户:[w] 登录成功!]
[2022-09-05 12:37:13,313][MainThread:14492][task_id:user][user_interface.py:56][INFO][用户:[w] 登录成功!]
[2022-09-05 13:59:03,252][MainThread:7672][task_id:user][user_interface.py:61][WARNING][用户:[w] 密码错误!]
[2022-09-05 13:59:42,946][MainThread:7672][task_id:user][user_interface.py:56][INFO][用户:[w] 登录成功!]
[2022-09-05 14:03:55,214][MainThread:7460][task_id:user][user_interface.py:64][WARNING][用户:[w] 密码错误!]
[2022-09-05 14:04:05,561][MainThread:7460][task_id:user][user_interface.py:64][WARNING][用户:[w] 密码错误!]
[2022-09-05 14:04:07,188][MainThread:7460][task_id:user][user_interface.py:64][WARNING][用户:[w] 密码错误!]
[2022-09-05 14:04:16,520][MainThread:7460][task_id:user][user_interface.py:64][WARNING][用户:[w] 密码错误!]
[2022-09-05 14:04:35,147][MainThread:7460][task_id:user][user_interface.py:59][INFO][用户:[w] 登录成功!]
[2022-09-05 14:09:41,796][MainThread:4616][task_id:user][user_interface.py:64][WARNING][用户:[w] 密码错误!]
[2022-09-05 14:09:45,365][MainThread:4616][task_id:user][user_interface.py:64][WARNING][用户:[w] 密码错误!]
[2022-09-05 14:09:47,244][MainThread:4616][task_id:user][user_interface.py:64][WARNING][用户:[w] 密码错误!]
[2022-09-05 14:09:49,577][MainThread:4616][task_id:user][user_interface.py:64][WARNING][用户:[w] 密码错误!]
[2022-09-05 14:09:55,683][MainThread:4616][task_id:user][user_interface.py:64][WARNING][用户:[w] 密码错误!]
[2022-09-05 14:09:58,045][MainThread:4616][task_id:user][user_interface.py:64][WARNING][用户:[w] 密码错误!]
[2022-09-05 14:10:09,395][MainThread:4616][task_id:user][user_interface.py:59][INFO][用户:[w] 登录成功!]
[2022-09-06 10:38:23,447][MainThread:4260][task_id:user][user_interface.py:56][INFO][用户:[w] 登录成功!]
[2022-09-06 10:47:57,057][MainThread:9436][task_id:user][user_interface.py:56][INFO][用户:[w] 登录成功!]
[2022-09-06 11:00:50,710][MainThread:4344][task_id:user][user_interface.py:56][INFO][用户:[w] 登录成功!]
[2022-09-06 11:03:36,740][MainThread:16712][task_id:user][user_interface.py:56][INFO][用户:[w] 登录成功!]
[2022-09-06 11:04:27,453][MainThread:16712][task_id:shop][shop_interface.py:24][INFO][用户:[w]支付[30w]成功,准备发货!]
[2022-09-06 11:12:37,815][MainThread:20428][task_id:user][user_interface.py:56][INFO][用户:[w] 登录成功!]
[2022-09-06 11:36:39,485][MainThread:20208][task_id:user][user_interface.py:56][INFO][用户:[w] 登录成功!]
[2022-09-06 11:37:52,638][MainThread:20208][task_id:admin][admin_interface.py:19][INFO][管理员修改用户:[w1]额度修改成功!]
[2022-09-06 11:38:19,657][MainThread:20208][task_id:admin][admin_interface.py:19][INFO][管理员修改用户:[w1]额度修改成功!]
[2022-09-06 11:40:05,391][MainThread:11172][task_id:user][user_interface.py:56][INFO][用户:[w] 登录成功!]
[2022-09-06 11:42:37,772][MainThread:15264][task_id:user][user_interface.py:56][INFO][用户:[w] 登录成功!]
[2022-09-06 11:43:33,095][MainThread:20572][task_id:user][user_interface.py:56][INFO][用户:[w] 登录成功!]
[2022-09-06 11:44:38,433][MainThread:8792][task_id:user][user_interface.py:56][INFO][用户:[w] 登录成功!]
[2022-09-06 11:44:56,743][MainThread:8792][task_id:admin][admin_interface.py:19][INFO][管理员修改用户:[w1]额度修改成功!]
[2022-09-06 11:46:56,314][MainThread:17616][task_id:user][user_interface.py:56][INFO][用户:[w] 登录成功!]
[2022-09-06 12:11:39,709][MainThread:6108][task_id:user][user_interface.py:56][INFO][用户:[w] 登录成功!]
[2022-09-06 12:12:59,639][MainThread:5640][task_id:user][user_interface.py:56][INFO][用户:[w] 登录成功!]
[2022-09-06 12:21:40,093][MainThread:8740][task_id:user][user_interface.py:56][INFO][用户:[w] 登录成功!]
[2022-09-06 12:23:14,504][MainThread:20244][task_id:user][user_interface.py:56][INFO][用户:[w] 登录成功!]
[2022-09-06 12:25:30,985][MainThread:12124][task_id:user][user_interface.py:56][INFO][用户:[w] 登录成功!]
[2022-09-06 12:27:22,091][MainThread:3700][task_id:user][user_interface.py:56][INFO][用户:[w] 登录成功!]
[2022-09-06 12:30:59,595][MainThread:2180][task_id:user][user_interface.py:56][INFO][用户:[w] 登录成功!]
[2022-09-06 12:45:39,715][MainThread:14340][task_id:user][user_interface.py:56][INFO][用户:[w] 登录成功!]
[2022-09-06 12:46:08,911][MainThread:14340][task_id:bank][bank_interface.py:25][INFO][用户[w]提现金额[900w]成功,手续费为:[45.0w]]
[2022-09-06 12:51:21,654][MainThread:10220][task_id:user][user_interface.py:56][INFO][用户:[w] 登录成功!]
[2022-09-06 12:54:06,889][MainThread:18380][task_id:user][user_interface.py:56][INFO][用户:[w] 登录成功!]
[2022-09-06 15:01:48,711][MainThread:1832][task_id:user][user_interface.py:57][INFO][用户:[YVZHONGZHI] 登录成功!]
[2022-09-06 15:02:34,200][MainThread:12612][task_id:user][user_interface.py:40][INFO][SHAN 注册成功!]
[2022-09-06 15:34:44,526][MainThread:11376][task_id:user][user_interface.py:57][INFO][用户:[w] 登录成功!]
[2022-09-06 15:41:33,322][MainThread:2716][task_id:user][user_interface.py:62][WARNING][用户:[w] 密码错误!]
[2022-09-06 15:42:27,013][MainThread:2716][task_id:user][user_interface.py:57][INFO][用户:[w] 登录成功!]
[2022-09-06 15:43:18,344][MainThread:21284][task_id:user][user_interface.py:57][INFO][用户:[w] 登录成功!]
[2022-09-12 16:35:16,315][MainThread:9920][task_id:user][user_interface.py:57][INFO][用户:[w] 登录成功!]
[2022-09-12 16:37:31,345][MainThread:4712][task_id:user][user_interface.py:57][INFO][用户:[w] 登录成功!]
